0 info it worked if it ends with ok
1 verbose cli [ 'C:\\Program Files (x86)\\nodejs\\node.exe',
1 verbose cli   'C:\\Users\\Misha\\AppData\\Roaming\\npm\\node_modules\\npm\\bin\\npm-cli.js',
1 verbose cli   'run',
1 verbose cli   'test' ]
2 info using npm@4.0.3
3 info using node@v4.3.0
4 verbose run-script [ 'pretest', 'test', 'posttest' ]
5 info lifecycle ionic2-numericpicker@1.0.2~pretest: ionic2-numericpicker@1.0.2
6 silly lifecycle ionic2-numericpicker@1.0.2~pretest: no script for pretest, continuing
7 info lifecycle ionic2-numericpicker@1.0.2~test: ionic2-numericpicker@1.0.2
8 verbose lifecycle ionic2-numericpicker@1.0.2~test: unsafe-perm in lifecycle true
9 verbose lifecycle ionic2-numericpicker@1.0.2~test: PATH: C:\Users\Misha\AppData\Roaming\npm\node_modules\npm\bin\node-gyp-bin;C:\Users\Misha\ionic2-numericpicker\node_modules\.bin;C:\ProgramData\Oracle\Java\javapath;C:\Program Files (x86)\Microsoft Visual Studio 14.0\Common7\IDE\Extensions\Microsoft\Windows Azure Tools\Docker\;C:\Program Files (x86)\NVIDIA Corporation\PhysX\Common;C:\Python27\;C:\Python27\Scripts;C:\WINDOWS\system32;C:\WINDOWS;C:\WINDOWS\System32\Wbem;C:\WINDOWS\System32\WindowsPowerShell\v1.0\;C:\Program Files (x86)\Windows Kits\8.1\Windows Performance Toolkit\;C:\Program Files\Microsoft SQL Server\110\Tools\Binn\;C:\Program Files (x86)\Microsoft SDKs\TypeScript\1.0\;C:\Program Files (x86)\GtkSharp\2.12\bin;C:\Program Files (x86)\Skype\Phone\;C:\Program Files (x86)\nodejs\;C:\Program Files (x86)\Windows Kits\10\Windows Performance Toolkit\;C:\Program Files\Microsoft\Web Platform Installer\;C:\Go\bin;C:\Program Files\Microsoft SQL Server\120\Tools\Binn\;C:\Program Files\Microsoft SQL Server\130\Tools\Binn\;C:\Program Files\dotnet\;C:\Program Files (x86)\Heroku\bin;C:\Program Files\Git\cmd;C:\Users\Misha\.dnx\bin;C:\Users\Misha\AppData\Roaming\npm;G:\qt\5.5\msvc2013_64\plugins\sqldrivers;C:\Program Files\Docker Toolbox;C:\Program Files (x86)\Microsoft VS Code\bin;C:\Program Files (x86)\Microsoft VS Code Insiders\bin
10 verbose lifecycle ionic2-numericpicker@1.0.2~test: CWD: C:\Users\Misha\ionic2-numericpicker
11 silly lifecycle ionic2-numericpicker@1.0.2~test: Args: [ '/d /s /c', 'ng test --code-coverage' ]
12 silly lifecycle ionic2-numericpicker@1.0.2~test: Returned: code: 1  signal: null
13 info lifecycle ionic2-numericpicker@1.0.2~test: Failed to exec test script
14 verbose stack Error: ionic2-numericpicker@1.0.2 test: `ng test --code-coverage`
14 verbose stack Exit status 1
14 verbose stack     at EventEmitter.<anonymous> (C:\Users\Misha\AppData\Roaming\npm\node_modules\npm\lib\utils\lifecycle.js:279:16)
14 verbose stack     at emitTwo (events.js:87:13)
14 verbose stack     at EventEmitter.emit (events.js:172:7)
14 verbose stack     at ChildProcess.<anonymous> (C:\Users\Misha\AppData\Roaming\npm\node_modules\npm\lib\utils\spawn.js:40:14)
14 verbose stack     at emitTwo (events.js:87:13)
14 verbose stack     at ChildProcess.emit (events.js:172:7)
14 verbose stack     at maybeClose (internal/child_process.js:821:16)
14 verbose stack     at Process.ChildProcess._handle.onexit (internal/child_process.js:211:5)
15 verbose pkgid ionic2-numericpicker@1.0.2
16 verbose cwd C:\Users\Misha\ionic2-numericpicker
17 error Windows_NT 10.0.10586
18 error argv "C:\\Program Files (x86)\\nodejs\\node.exe" "C:\\Users\\Misha\\AppData\\Roaming\\npm\\node_modules\\npm\\bin\\npm-cli.js" "run" "test"
19 error node v4.3.0
20 error npm  v4.0.3
21 error code ELIFECYCLE
22 error ionic2-numericpicker@1.0.2 test: `ng test --code-coverage`
22 error Exit status 1
23 error Failed at the ionic2-numericpicker@1.0.2 test script 'ng test --code-coverage'.
23 error Make sure you have the latest version of node.js and npm installed.
23 error If you do, this is most likely a problem with the ionic2-numericpicker package,
23 error not with npm itself.
23 error Tell the author that this fails on your system:
23 error     ng test --code-coverage
23 error You can get information on how to open an issue for this project with:
23 error     npm bugs ionic2-numericpicker
23 error Or if that isn't available, you can get their info via:
23 error     npm owner ls ionic2-numericpicker
23 error There is likely additional logging output above.
24 verbose exit [ 1, true ]
